[15:23:44] [main/INFO]: ModLauncher running: args [--username, KCtops6, --version, neoforge-21.1.129, --gameDir, C:\Users\Kyle\curseforge\minecraft\Instances\1.21.1 - Infinite Horizons - Modded Superflat Survival, --assetsDir, C:\Users\Kyle\curseforge\minecraft\Install\assets, --assetIndex, 17, --uuid, b6ca8b7aa07440898ae01c8c14e73031, --accessToken, ❄❄❄❄❄❄❄❄, --clientId, ODM1ZmI5MzktNTBmMC00N2Y4LTg5OTEtZTFkZmMyYjllNjBj, --xuid, 2535420033604093, --userType, msa, --versionType, release, --width, 1920, --height, 1080, --quickPlayPath, C:\Users\Kyle\curseforge\minecraft\Install\quickPlay\java\1741206214785.json, --fml.neoForgeVersion, 21.1.129, --fml.fmlVersion, 4.0.38, --fml.mcVersion, 1.21.1, --fml.neoFormVersion, 20240808.144430, --launchTarget, forgeclient]
[15:23:44] [main/INFO]: JVM identified as Microsoft OpenJDK 64-Bit Server VM 21.0.3+9-LTS
[15:23:44] [main/INFO]: ModLauncher 11.0.4+main.d2e20e43 starting: java version 21.0.3 by Microsoft; OS Windows 10 arch amd64 version 10.0
[15:23:45] [main/INFO]: Loading ImmediateWindowProvider fmlearlywindow
[15:23:45] [main/INFO]: Trying GL version 4.6
[15:23:46] [main/INFO]: Requested GL version 4.6 got version 4.6
[15:23:47] [main/INFO]: SpongePowered MIXIN Subsystem Version=0.8.7 Source=union:/C:/Users/Kyle/curseforge/minecraft/Install/libraries/net/fabricmc/sponge-mixin/0.15.2+mixin.0.8.7/sponge-mixin-0.15.2+mixin.0.8.7.jar%23117!/ Service=ModLauncher Env=CLIENT
[15:23:48] [pool-2-thread-1/INFO]: GL info: GeForce GT 710/PCIe/SSE2 GL version 4.6.0 NVIDIA 456.71, NVIDIA Corporation
[15:23:48] [main/INFO]: Found mod file "client-1.21.1-20240808.144430-srg.jar" [locator: production client provider +net.neoforged:neoforge:21.1.129:client]
[15:23:48] [main/INFO]: Found mod file "neoforge-21.1.129-universal.jar" [locator: PathBasedLocator[name=neoforge, paths=[C:\Users\Kyle\curseforge\minecraft\Install\libraries\net\neoforged\neoforge\21.1.129\neoforge-21.1.129-universal.jar]], reader: mod manifest]
[15:23:48] [main/INFO]: Found mod file "almostunified-neoforge-1.21.1-1.2.3.jar" [locator: {mods folder locator at C:\Users\Kyle\curseforge\minecraft\Instances\1.21.1 - Infinite Horizons - Modded Superflat Survival\mods}, reader: mod manifest]
[15:23:48] [main/INFO]: Found mod file "appleskin-neoforge-mc1.21-3.0.5.jar" [locator: {mods folder locator at C:\Users\Kyle\curseforge\minecraft\Instances\1.21.1 - Infinite Horizons - Modded Superflat Survival\mods}, reader: mod manifest]
[15:23:48] [main/INFO]: Found mod file "architectury-13.0.8-neoforge.jar" [locator: {mods folder locator at C:\Users\Kyle\curseforge\minecraft\Instances\1.21.1 - Infinite Horizons - Modded Superflat Survival\mods}, reader: mod manifest]
[15:23:48] [main/INFO]: Found mod file "balm-neoforge-1.21.1-21.0.31.jar" [locator: {mods folder locator at C:\Users\Kyle\curseforge\minecraft\Instances\1.21.1 - Infinite Horizons - Modded Superflat Survival\mods}, reader: mod manifest]
[15:23:48] [main/INFO]: Found mod file "create-1.21.1-6.0.1.jar" [locator: {mods folder locator at C:\Users\Kyle\curseforge\minecraft\Instances\1.21.1 - Infinite Horizons - Modded Superflat Survival\mods}, reader: mod manifest]
[15:23:48] [main/INFO]: Found mod file "ftb-library-neoforge-2101.1.10.jar" [locator: {mods folder locator at C:\Users\Kyle\curseforge\minecraft\Instances\1.21.1 - Infinite Horizons - Modded Superflat Survival\mods}, reader: mod manifest]
[15:23:48] [main/INFO]: Found mod file "ftb-quests-neoforge-2101.1.6.jar" [locator: {mods folder locator at C:\Users\Kyle\curseforge\minecraft\Instances\1.21.1 - Infinite Horizons - Modded Superflat Survival\mods}, reader: mod manifest]
[15:23:48] [main/INFO]: Found mod file "ftb-teams-neoforge-2101.1.2.jar" [locator: {mods folder locator at C:\Users\Kyle\curseforge\minecraft\Instances\1.21.1 - Infinite Horizons - Modded Superflat Survival\mods}, reader: mod manifest]
[15:23:48] [main/INFO]: Found mod file "Jade-1.21.1-NeoForge-15.9.2.jar" [locator: {mods folder locator at C:\Users\Kyle\curseforge\minecraft\Instances\1.21.1 - Infinite Horizons - Modded Superflat Survival\mods}, reader: mod manifest]
[15:23:49] [main/INFO]: Found mod file "jei-1.21.1-neoforge-19.21.0.247.jar" [locator: {mods folder locator at C:\Users\Kyle\curseforge\minecraft\Instances\1.21.1 - Infinite Horizons - Modded Superflat Survival\mods}, reader: mod manifest]
[15:23:49] [main/INFO]: Found mod file "kubejs-neoforge-2101.7.1-build.181.jar" [locator: {mods folder locator at C:\Users\Kyle\curseforge\minecraft\Instances\1.21.1 - Infinite Horizons - Modded Superflat Survival\mods}, reader: mod manifest]
[15:23:49] [main/INFO]: Found mod file "MouseTweaks-neoforge-mc1.21-2.26.1.jar" [locator: {mods folder locator at C:\Users\Kyle\curseforge\minecraft\Instances\1.21.1 - Infinite Horizons - Modded Superflat Survival\mods}, reader: mod manifest]
[15:23:49] [main/INFO]: Found mod file "rhino-2101.2.7-build.74.jar" [locator: {mods folder locator at C:\Users\Kyle\curseforge\minecraft\Instances\1.21.1 - Infinite Horizons - Modded Superflat Survival\mods}, reader: mod manifest]
[15:23:49] [main/INFO]: Found mod file "waystones-neoforge-1.21.1-21.1.11.jar" [locator: {mods folder locator at C:\Users\Kyle\curseforge\minecraft\Instances\1.21.1 - Infinite Horizons - Modded Superflat Survival\mods}, reader: mod manifest]
[15:23:49] [main/INFO]: Found 8 dependencies adding them to mods collection
[15:23:49] [main/INFO]: Found gamelibrary file "mixinextras-neoforge-0.4.1.jar" [parent: neoforge-21.1.129-universal.jar, locator: jarinjar, reader: mod manifest]
[15:23:49] [main/INFO]: Found mod file "kuma-api-neoforge-21.0.5-SNAPSHOT.jar" [parent: balm-neoforge-1.21.1-21.0.31.jar, locator: jarinjar, reader: mod manifest]
[15:23:49] [main/INFO]: Found library file "animated-gif-lib-for-java-animated-gif-lib-1.7.jar" [parent: kubejs-neoforge-2101.7.1-build.181.jar, locator: jarinjar]
[15:23:49] [main/INFO]: Found library file "tiny-java-server-1.0.0-build.6.jar" [parent: kubejs-neoforge-2101.7.1-build.181.jar, locator: jarinjar]
[15:23:49] [main/INFO]: Found mod file "flywheel-neoforge-1.21.1-1.0.1-11.jar" [parent: create-1.21.1-6.0.1.jar, locator: jarinjar, reader: mod manifest]
[15:23:49] [main/INFO]: Found mod file "Ponder-NeoForge-1.21.1-1.0.39.jar" [parent: create-1.21.1-6.0.1.jar, locator: jarinjar, reader: mod manifest]
[15:23:49] [main/INFO]: Found library file "neoforge-coremods-21.1.129.jar" [parent: neoforge-21.1.129-universal.jar, locator: jarinjar, reader: mod manifest]
[15:23:49] [main/INFO]: Found gamelibrary file "Registrate-MC1.21-1.3.0+62.jar" [parent: create-1.21.1-6.0.1.jar, locator: jarinjar, reader: mod manifest]
[15:23:49] [main/INFO]: 
     Mod List:
		Name Version (Mod Id)

		AlmostUnified 1.21.1-1.2.3 (almostunified)
		AppleSkin 3.0.5+mc1.21 (appleskin)
		Architectury 13.0.8 (architectury)
		Balm 21.0.31 (balm)
		Create 6.0.1 (create)
		Flywheel 1.0.1-11 (flywheel)
		FTB Library 2101.1.10 (ftblibrary)
		FTB Quests 2101.1.6 (ftbquests)
		FTB Teams 2101.1.2 (ftbteams)
		Jade 15.9.2+neoforge (jade)
		Just Enough Items 19.21.0.247 (jei)
		KubeJS 2101.7.1-build.181 (kubejs)
		KumaAPI 21.0.5-SNAPSHOT (kuma_api)
		Minecraft 1.21.1 (minecraft)
		Mouse Tweaks 2.26.1 (mousetweaks)
		NeoForge 21.1.129 (neoforge)
		Ponder 1.0.39 (ponder)
		Rhino 2101.2.7-build.74 (rhino)
		Waystones 21.1.11 (waystones)
[15:23:51] [main/INFO]: Compatibility level set to JAVA_17
[15:23:51] [main/INFO]: Compatibility level set to JAVA_21
[15:23:51] [main/INFO]: Launching target 'forgeclient' with arguments [--version, neoforge-21.1.129, --gameDir, C:\Users\Kyle\curseforge\minecraft\Instances\1.21.1 - Infinite Horizons - Modded Superflat Survival, --assetsDir, C:\Users\Kyle\curseforge\minecraft\Install\assets, --uuid, b6ca8b7aa07440898ae01c8c14e73031, --username, KCtops6, --assetIndex, 17, --accessToken, ❄❄❄❄❄❄❄❄, --clientId, ODM1ZmI5MzktNTBmMC00N2Y4LTg5OTEtZTFkZmMyYjllNjBj, --xuid, 2535420033604093, --userType, msa, --versionType, release, --width, 1920, --height, 1080, --quickPlayPath, C:\Users\Kyle\curseforge\minecraft\Install\quickPlay\java\1741206214785.json]
[15:23:52] [main/WARN]: Reference map 'kuma_api.refmap.json' for kuma_api.mixins.json could not be read. If this is a development environment you can ignore this message
[15:23:52] [main/WARN]: Reference map 'balm.refmap.json' for balm.mixins.json could not be read. If this is a development environment you can ignore this message
[15:23:52] [main/WARN]: Reference map 'ponder.refmap.json' for ponder.mixins.json could not be read. If this is a development environment you can ignore this message
[15:23:52] [main/WARN]: Reference map 'create.refmap.json' for create.mixins.json could not be read. If this is a development environment you can ignore this message
[15:23:52] [main/WARN]: Reference map 'waystones.refmap.json' for waystones.mixins.json could not be read. If this is a development environment you can ignore this message
[15:23:54] [main/WARN]: Error loading class: mezz/modnametooltip/TooltipEventHandler (java.lang.ClassNotFoundException: mezz.modnametooltip.TooltipEventHandler)
[15:23:54] [main/WARN]: Error loading class: me/shedaniel/rei/impl/client/ClientHelperImpl (java.lang.ClassNotFoundException: me.shedaniel.rei.impl.client.ClientHelperImpl)
[15:23:55] [main/WARN]: Error loading class: journeymap/client/render/map/MapRenderer (java.lang.ClassNotFoundException: journeymap.client.render.map.MapRenderer)
[15:23:55] [main/WARN]: @Mixin target journeymap.client.render.map.MapRenderer was not found create.mixins.json:compat.journeymap.MapRendererAccessor from mod create
[15:23:55] [main/WARN]: Error loading class: journeymap/client/ui/fullscreen/Fullscreen (java.lang.ClassNotFoundException: journeymap.client.ui.fullscreen.Fullscreen)
[15:23:55] [main/WARN]: @Mixin target journeymap.client.ui.fullscreen.Fullscreen was not found create.mixins.json:compat.journeymap.JourneyFullscreenMapMixin from mod create
[15:23:55] [main/INFO]: Initializing MixinExtras via com.llamalad7.mixinextras.service.MixinExtrasServiceImpl(version=0.4.1).
[05Mar2025 15:24:00.637] [main/WARN] [oshi.driver.windows.perfmon.PerfmonDisabled/]: Invalid registry value type detected for PerfOS counters. Should be REG_DWORD. Ignoring: HKEY_LOCAL_MACHINE\SYSTEM\CurrentControlSet\Services\PerfOS\Performance\Disable Performance Counters.
[05Mar2025 15:24:00.948] [Datafixer Bootstrap/INFO] [com.mojang.datafixers.DataFixerBuilder/]: 229 Datafixer optimizations took 1739 milliseconds
[05Mar2025 15:24:13.758] [Render thread/WARN] [net.minecraft.server.packs.VanillaPackResourcesBuilder/]: Assets URL 'union:/C:/Users/Kyle/curseforge/minecraft/Install/libraries/net/minecraft/client/1.21.1-20240808.144430/client-1.21.1-20240808.144430-srg.jar%23194!/assets/.mcassetsroot' uses unexpected schema
[05Mar2025 15:24:13.759] [Render thread/WARN] [net.minecraft.server.packs.VanillaPackResourcesBuilder/]: Assets URL 'union:/C:/Users/Kyle/curseforge/minecraft/Install/libraries/net/minecraft/client/1.21.1-20240808.144430/client-1.21.1-20240808.144430-srg.jar%23194!/data/.mcassetsroot' uses unexpected schema
[05Mar2025 15:24:13.815] [Render thread/INFO] [com.mojang.authlib.yggdrasil.YggdrasilAuthenticationService/]: Environment: Environment[sessionHost=https://sessionserver.mojang.com, servicesHost=https://api.minecraftservices.com, name=PROD]
[05Mar2025 15:24:13.834] [Render thread/INFO] [net.minecraft.client.Minecraft/]: Setting user: KCtops6
[05Mar2025 15:24:14.097] [Render thread/INFO] [net.minecraft.client.Minecraft/]: Backend library: LWJGL version 3.3.3+5
[05Mar2025 15:24:15.277] [modloading-worker-0/INFO] [net.neoforged.neoforge.common.NeoForgeMod/NEOFORGE-MOD]: NeoForge mod loading, version 21.1.129, for MC 1.21.1
[05Mar2025 15:24:15.644] [modloading-worker-0/INFO] [com.simibubi.create.Create/]: Create 6.0.1 initializing! Commit hash: 20c3f6ca8cc9c5a6408c96f7a7b44596ac21f14d
[05Mar2025 15:24:16.029] [modloading-worker-0/INFO] [mezz.jei.library.load.PluginCaller/]: Sending ConfigManager...
[05Mar2025 15:24:16.046] [modloading-worker-0/INFO] [mezz.jei.library.load.PluginCaller/]: Sending ConfigManager took 9.796 ms
[05Mar2025 15:24:16.169] [modloading-worker-0/INFO] [KubeJS/]: Loading vanilla registries...
[05Mar2025 15:24:16.230] [modloading-worker-0/INFO] [KubeJS/]: Looking for KubeJS plugins...
[05Mar2025 15:24:16.240] [modloading-worker-0/INFO] [KubeJS/]: Found plugin source kubejs
[05Mar2025 15:24:16.257] [modloading-worker-0/WARN] [KubeJS/]: Plugin dev.latvian.mods.kubejs.integration.gamestages.GameStagesIntegration does not have required mod 'gamestages' loaded, skipping
[05Mar2025 15:24:16.261] [modloading-worker-0/INFO] [KubeJS/]: Done in 31.34 ms
[05Mar2025 15:24:17.259] [modloading-worker-0/INFO] [KubeJS/]: Added bindings for script type STARTUP from mod 'almostunified': [AlmostUnified]
[05Mar2025 15:24:17.362] [modloading-worker-0/INFO] [KubeJS Startup/]: startup_scripts:main.js#2: Hello, World! (Loaded startup example script)
[05Mar2025 15:24:17.364] [modloading-worker-0/INFO] [KubeJS Startup/]: Loaded script startup_scripts:main.js in 0.103 s
[05Mar2025 15:24:17.376] [modloading-worker-0/INFO] [KubeJS Startup/]: Loaded 1/1 KubeJS startup scripts in 1.089 s with 0 errors and 0 warnings
[05Mar2025 15:24:17.445] [modloading-worker-0/INFO] [KubeJS/]: Added bindings for script type CLIENT from mod 'almostunified': [AlmostUnified]
[05Mar2025 15:24:17.446] [modloading-worker-0/INFO] [KubeJS Client/]: client_scripts:main.js#2: Hello, World! (Loaded client example script)
[05Mar2025 15:24:17.447] [modloading-worker-0/INFO] [KubeJS Client/]: Loaded script client_scripts:main.js in 0.0 s
[05Mar2025 15:24:17.447] [modloading-worker-0/INFO] [KubeJS Client/]: Loaded 1/1 KubeJS client scripts in 0.068 s with 0 errors and 0 warnings
[05Mar2025 15:24:22.567] [modloading-sync-worker/WARN] [com.simibubi.create.Create/]: Could not find block entity type computercraft:wired_modem_full. Outdated compat?
[05Mar2025 15:24:22.568] [modloading-sync-worker/WARN] [com.simibubi.create.Create/]: Could not find block entity type computercraft:computer_normal. Outdated compat?
[05Mar2025 15:24:22.568] [modloading-sync-worker/WARN] [com.simibubi.create.Create/]: Could not find block entity type computercraft:computer_advanced. Outdated compat?
[05Mar2025 15:24:22.568] [modloading-sync-worker/WARN] [com.simibubi.create.Create/]: Could not find block entity type computercraft:computer_command. Outdated compat?
[05Mar2025 15:24:27.126] [Render thread/INFO] [net.minecraft.server.packs.resources.ReloadableResourceManager/]: Reloading ResourceManager: vanilla, KubeJS Virtual Resource Pack [Before Mods, assets], mod_resources, mod/rhino, mod/kuma_api, mod/mousetweaks, mod/jade, mod/architectury, mod/ftblibrary, mod/appleskin, mod/balm, mod/jei, mod/kubejs, mod/ftbteams, mod/ftbquests, mod/flywheel, mod/ponder, mod/create, mod/waystones, mod/neoforge, KubeJS Virtual Resource Pack [Internal, assets], KubeJS Virtual Resource Pack [After Mods, assets], KubeJS File Resource Pack [assets], mod/almostunified, KubeJS Virtual Resource Pack [Last, assets]
[05Mar2025 15:24:27.331] [Render thread/INFO] [KubeJS/]: Added bindings for script type CLIENT from mod 'almostunified': [AlmostUnified]
[05Mar2025 15:24:27.340] [Render thread/INFO] [KubeJS Client/]: Client resource reload complete!
[05Mar2025 15:24:27.451] [Worker-Main-5/INFO] [net.minecraft.client.gui.font.providers.UnihexProvider/]: Found unifont_all_no_pua-15.1.05.hex, loading
[05Mar2025 15:24:28.667] [Worker-Main-5/INFO] [net.minecraft.client.gui.font.providers.UnihexProvider/]: Found unifont_jp_patch-15.1.05.hex, loading
[05Mar2025 15:24:28.759] [Render thread/INFO] [KubeJS/]: Started the local web server at http://localhost:61423
[05Mar2025 15:24:34.965] [Worker-Main-4/INFO] [snownee.jade.Jade/]: Start loading plugin from snownee.jade.addon.vanilla.VanillaPlugin
[05Mar2025 15:24:35.027] [Worker-Main-2/INFO] [PonderIndex/]: Registering Ponder Scenes took 201.3 ms
[05Mar2025 15:24:35.038] [Worker-Main-2/INFO] [PonderIndex/]: Registering Ponder Tags took 10.51 ms
[05Mar2025 15:24:35.060] [Worker-Main-4/INFO] [snownee.jade.Jade/]: Start loading plugin from snownee.jade.addon.universal.UniversalPlugin
[05Mar2025 15:24:35.070] [Worker-Main-4/INFO] [snownee.jade.Jade/]: Start loading plugin from snownee.jade.addon.debug.DebugPlugin
[05Mar2025 15:24:35.076] [Worker-Main-4/INFO] [snownee.jade.Jade/]: Start loading plugin from snownee.jade.addon.core.CorePlugin
[05Mar2025 15:24:35.085] [Worker-Main-4/INFO] [snownee.jade.Jade/]: Start loading plugin from snownee.jade.addon.access.AccessibilityPlugin
[05Mar2025 15:24:35.097] [Worker-Main-4/INFO] [snownee.jade.Jade/]: Start loading plugin from net.blay09.mods.balm.neoforge.compat.hudinfo.NeoForgeJadeModCompat
[05Mar2025 15:24:35.098] [Worker-Main-4/INFO] [snownee.jade.Jade/]: Start loading plugin from net.blay09.mods.waystones.compat.JadeIntegration
[05Mar2025 15:24:35.459] [Render thread/WARN] [net.minecraft.client.sounds.SoundEngine/]: Missing sound for event: minecraft:item.goat_horn.play
[05Mar2025 15:24:35.459] [Render thread/WARN] [net.minecraft.client.sounds.SoundEngine/]: Missing sound for event: minecraft:entity.goat.screaming.horn_break
[05Mar2025 15:24:35.705] [Render thread/INFO] [com.mojang.blaze3d.audio.Library/]: OpenAL initialized on device OpenAL Soft on Speakers (Logi USB Headset)
[05Mar2025 15:24:35.707] [Render thread/INFO] [net.minecraft.client.sounds.SoundEngine/SOUNDS]: Sound engine started
[05Mar2025 15:24:35.901] [Render thread/INFO] [net.minecraft.client.renderer.texture.TextureAtlas/]: Created: 2048x1024x4 minecraft:textures/atlas/blocks.png-atlas
[05Mar2025 15:24:35.976] [Render thread/INFO] [net.minecraft.client.renderer.texture.TextureAtlas/]: Created: 256x256x4 minecraft:textures/atlas/signs.png-atlas
[05Mar2025 15:24:35.977] [Render thread/INFO] [net.minecraft.client.renderer.texture.TextureAtlas/]: Created: 512x512x4 minecraft:textures/atlas/shield_patterns.png-atlas
[05Mar2025 15:24:35.979] [Render thread/INFO] [net.minecraft.client.renderer.texture.TextureAtlas/]: Created: 512x512x4 minecraft:textures/atlas/banner_patterns.png-atlas
[05Mar2025 15:24:35.982] [Render thread/INFO] [net.minecraft.client.renderer.texture.TextureAtlas/]: Created: 2048x1024x4 minecraft:textures/atlas/armor_trims.png-atlas
[05Mar2025 15:24:36.017] [Render thread/INFO] [net.minecraft.client.renderer.texture.TextureAtlas/]: Created: 256x256x4 minecraft:textures/atlas/chest.png-atlas
[05Mar2025 15:24:36.018] [Render thread/INFO] [net.minecraft.client.renderer.texture.TextureAtlas/]: Created: 128x64x4 minecraft:textures/atlas/decorated_pot.png-atlas
[05Mar2025 15:24:36.019] [Render thread/INFO] [net.minecraft.client.renderer.texture.TextureAtlas/]: Created: 512x256x4 minecraft:textures/atlas/beds.png-atlas
[05Mar2025 15:24:36.021] [Render thread/INFO] [net.minecraft.client.renderer.texture.TextureAtlas/]: Created: 512x256x4 minecraft:textures/atlas/shulker_boxes.png-atlas
[05Mar2025 15:24:36.191] [Render thread/INFO] [net.minecraft.client.renderer.texture.TextureAtlas/]: Created: 512x256x0 minecraft:textures/atlas/particles.png-atlas
[05Mar2025 15:24:36.198] [Render thread/INFO] [net.minecraft.client.renderer.texture.TextureAtlas/]: Created: 512x256x0 minecraft:textures/atlas/paintings.png-atlas
[05Mar2025 15:24:36.200] [Render thread/INFO] [net.minecraft.client.renderer.texture.TextureAtlas/]: Created: 256x128x0 minecraft:textures/atlas/mob_effects.png-atlas
[05Mar2025 15:24:36.201] [Render thread/INFO] [net.minecraft.client.renderer.texture.TextureAtlas/]: Created: 64x64x0 minecraft:textures/atlas/map_decorations.png-atlas
[05Mar2025 15:24:36.203] [Render thread/INFO] [net.minecraft.client.renderer.texture.TextureAtlas/]: Created: 1024x512x0 minecraft:textures/atlas/gui.png-atlas
[05Mar2025 15:24:36.268] [Render thread/WARN] [net.minecraft.client.renderer.ShaderInstance/]: Shader rendertype_entity_translucent_emissive could not find sampler named Sampler2 in the specified shader program.
[05Mar2025 15:24:36.417] [Render thread/INFO] [net.minecraft.client.renderer.texture.TextureAtlas/]: Created: 256x256x0 jei:textures/atlas/gui.png-atlas
[05Mar2025 15:24:36.472] [Render thread/INFO] [flywheel/backend/shaders/]: Loaded 75 shader sources in 45.976 ms
[05Mar2025 15:24:36.522] [Render thread/INFO] [com.simibubi.create.Create/]: Loaded 51 train hat configurations.
[05Mar2025 15:24:36.524] [Render thread/INFO] [net.neoforged.neoforge.client.entity.animation.json.AnimationLoader/]: Loaded 0 entity animations
